<?xml version="1.0" encoding="UTF-8"?>
<!-- Generated by org.testng.reporters.JUnitReportReporter -->
<testsuite hostname="LAPTOP-V6HT4II3" failures="0" tests="2" name="first.class6extent" time="59.782" errors="0" timestamp="27 Jan 2024 19:32:51 GMT">
  <testcase classname="first.class6extent" name="addtocartproduct" time="31.711"/>
  <testcase classname="first.class6extent" name="wishlist" time="28.071"/>
</testsuite> <!-- first.class6extent -->
