<?xml version="1.0" encoding="UTF-8"?>
<!-- Generated by org.testng.reporters.JUnitReportReporter -->
<testsuite hostname="LAPTOP-V6HT4II3" failures="0" tests="1" name="first.senario2" time="26.131" errors="0" timestamp="27 Jan 2024 11:20:13 GMT">
  <testcase classname="first.senario2" name="CheckDetails" time="26.131"/>
</testsuite> <!-- first.senario2 -->
