<?xml version="1.0" encoding="UTF-8"?>
<!-- Generated by org.testng.reporters.JUnitReportReporter -->
<testsuite hostname="LAPTOP-V6HT4II3" failures="0" tests="3" name="first.class6extent" time="110.639" errors="0" timestamp="28 Jan 2024 08:35:07 GMT">
  <testcase classname="first.class6extent" name="wishlist" time="39.148"/>
  <testcase classname="first.class6extent" name="Emailtofriend" time="36.486"/>
  <testcase classname="first.class6extent" name="addtocartproduct" time="35.005"/>
</testsuite> <!-- first.class6extent -->
