<?xml version="1.0" encoding="UTF-8"?>
<!-- Generated by org.testng.reporters.JUnitReportReporter -->
<testsuite hostname="LAPTOP-V6HT4II3" failures="0" tests="1" name="first.NewTest" time="0.007" errors="0" timestamp="19 Jan 2024 08:40:27 GMT">
  <testcase classname="first.NewTest" name="f" time="0.007"/>
</testsuite> <!-- first.NewTest -->
